[19:40:12] [Server thread/INFO]: Starting minecraft server version 1.8.8
[19:40:12] [Server thread/WARN]: To start the server with more ram, launch it as "java -Xmx1024M -Xms1024M -jar minecraft_server.jar"
[19:40:12] [Server thread/INFO]: Loading properties
[19:40:12] [Server thread/INFO]: Default game type: SURVIVAL
[19:40:14] [Server thread/INFO]: This server is running PandaSpigot version git-PandaSpigot-114 (MC: 1.8.8) (Implementing API version 1.8.8-R0.1-SNAPSHOT) (Git: 1fdab7c)
[19:40:14] [Server thread/INFO]: Debug logging is disabled
[19:40:14] [Server thread/INFO]: Server Ping Player Sample Count: 12
[19:40:14] [Server thread/INFO]: Spigot Timings: true - Verbose: true - Interval: 5m - Length: 60m
[19:40:14] [Server thread/INFO]: Using 4 threads for Netty based IO
[19:40:16] [Server thread/INFO]: Data value allowed items: 
[19:40:16] [Server thread/INFO]: Generating keypair
[19:40:17] [Server thread/INFO]: Starting Minecraft server on *:25565
[19:40:17] [Server thread/INFO]: Using epoll channel type
[19:40:19] [Server thread/INFO]: Set PluginClassLoader as parallel capable
[19:40:19] [Server thread/INFO]: [LuckPerms] Loading LuckPerms v5.4.102
[19:40:21] [Server thread/INFO]: [Vault] Loading Vault v1.7.3-b131
[19:40:21] [Server thread/INFO]: [Essentials] Loading Essentials v2.20.1
[19:40:21] [Server thread/INFO]: [EssentialsProtect] Loading EssentialsProtect v2.20.1
[19:40:21] [Server thread/INFO]: [KitPvP] Loading KitPvP v2.2.1
[19:40:21] [Server thread/INFO]: [EssentialsSpawn] Loading EssentialsSpawn v2.20.1
[19:40:21] [Server thread/INFO]: [LuckPerms] Enabling LuckPerms v5.4.102
[19:40:25] [Server thread/INFO]:         __    
[19:40:25] [Server thread/INFO]:   |    |__)   LuckPerms v5.4.102
[19:40:25] [Server thread/INFO]:   |___ |      Running on Bukkit - PandaSpigot
[19:40:25] [Server thread/INFO]: 
[19:40:25] [Server thread/INFO]: [LuckPerms] Loading configuration...
[19:40:27] [Server thread/INFO]: [LuckPerms] Loading storage provider... [H2]
[19:40:32] [Server thread/INFO]: [LuckPerms] Loading internal permission managers...
[19:40:33] [Server thread/INFO]: [LuckPerms] Performing initial data load...
[19:40:34] [Server thread/INFO]: [LuckPerms] Successfully enabled. (took 12900ms)
[19:40:34] [Server thread/INFO]: [Vault] Enabling Vault v1.7.3-b131
[19:40:35] [Server thread/INFO]: [Vault] [Economy] Essentials Economy found: Waiting
[19:40:35] [Server thread/INFO]: [Vault] [Permission] SuperPermissions loaded as backup permission system.
[19:40:35] [Server thread/INFO]: [Vault] Enabled Version 1.7.3-b131
[19:40:35] [Server thread/INFO]: [LuckPerms] Registered Vault permission & chat hook.
[19:40:35] [Server thread/WARN]: **** SERVER IS RUNNING IN OFFLINE/INSECURE MODE!
[19:40:35] [Server thread/WARN]: The server will make no attempt to authenticate usernames. Beware.
[19:40:35] [Server thread/WARN]: Whilst this makes it possible to use BungeeCord, unless access to your server is properly restricted, it also opens up the ability for hackers to connect with any username they choose.
[19:40:35] [Server thread/WARN]: Please see http://www.spigotmc.org/wiki/firewall-guide/ for further information.
[19:40:35] [Server thread/WARN]: To change this, set "online-mode" to "true" in the server.properties file.
[19:40:35] [Server thread/INFO]: **** Beginning UUID conversion, this may take A LONG time ****
[19:40:36] [Server thread/INFO]: Preparing level "world"
[19:40:36] [Server thread/INFO]: -------- World Settings For [world] --------
[19:40:36] [Server thread/INFO]: Chunks to Grow per Tick: 650
[19:40:36] [Server thread/INFO]: Clear tick list: false
[19:40:36] [Server thread/INFO]: Experience Merge Radius: 3.0
[19:40:36] [Server thread/INFO]: Anti X-Ray: true
[19:40:36] [Server thread/INFO]: 	Engine Mode: 1
[19:40:36] [Server thread/INFO]: 	Hidden Blocks: [14, 15, 16, 21, 48, 49, 54, 56, 73, 74, 82, 129, 130]
[19:40:36] [Server thread/INFO]: 	Replace Blocks: [1, 5]
[19:40:36] [Server thread/INFO]: Mob Spawn Range: 4
[19:40:36] [Server thread/INFO]: Cactus Growth Modifier: 100%
[19:40:36] [Server thread/INFO]: Cane Growth Modifier: 100%
[19:40:36] [Server thread/INFO]: Melon Growth Modifier: 100%
[19:40:36] [Server thread/INFO]: Mushroom Growth Modifier: 100%
[19:40:36] [Server thread/INFO]: Pumpkin Growth Modifier: 100%
[19:40:36] [Server thread/INFO]: Sapling Growth Modifier: 100%
[19:40:36] [Server thread/INFO]: Wheat Growth Modifier: 100%
[19:40:36] [Server thread/INFO]: NetherWart Growth Modifier: 100%
[19:40:36] [Server thread/INFO]: Entity Activation Range: An 32 / Mo 32 / Mi 16
[19:40:36] [Server thread/INFO]: Entity Tracking Range: Pl 48 / An 48 / Mo 48 / Mi 32 / Other 64
[19:40:36] [Server thread/INFO]: Hopper Transfer: 8 Hopper Check: 8 Hopper Amount: 1
[19:40:36] [Server thread/INFO]: Random Lighting Updates: false
[19:40:36] [Server thread/INFO]: Structure Info Saving: true
[19:40:36] [Server thread/INFO]: Sending up to 10 chunks per packet
[19:40:36] [Server thread/INFO]: Max Entity Collisions: 8
[19:40:36] [Server thread/INFO]: Custom Map Seeds:  Village: 10387312 Feature: 14357617
[19:40:36] [Server thread/INFO]: Max TNT Explosions: 100
[19:40:36] [Server thread/INFO]: Tile Max Tick Time: 50ms Entity max Tick Time: 50ms
[19:40:36] [Server thread/INFO]: Nerfing mobs spawned from spawners: false
[19:40:36] [Server thread/INFO]: Item Merge Radius: 2.5
[19:40:36] [Server thread/INFO]: Item Despawn Rate: 6000
[19:40:36] [Server thread/INFO]: Arrow Despawn Rate: 1200
[19:40:36] [Server thread/INFO]: Allow Zombie Pigmen to spawn from portal blocks: true
[19:40:36] [Server thread/INFO]: Zombie Aggressive Towards Villager: true
[19:40:36] [Server thread/INFO]: View Distance: 10
[19:40:36] [Server thread/INFO]: -------- World Settings For [world] --------
[19:40:36] [Server thread/INFO]: Keep spawn chunk loaded: true
[19:40:36] [Server thread/INFO]: WorldServer TickNextTick cap set at 10000
[19:40:36] [Server thread/INFO]: WorldServer TickNextTickList cap always processes redstone: false
[19:40:36] [Server thread/INFO]: World async lighting: false
[19:40:36] [Server thread/INFO]: Max height for cactus growth 3. Max height for reed growth 3
[19:40:36] [Server thread/INFO]: Player blocking damage multiplier set to 0.5
[19:40:36] [Server thread/INFO]: Living Entity Despawn Ranges:  Soft: 32 Hard: 128
[19:40:36] [Server thread/INFO]: Remove invalid mob spawner tile entities: true
[19:40:36] [Server thread/INFO]: Squids will spawn between Y: 45.0 and Y: 63.0
[19:40:36] [Server thread/INFO]: Allow undead horse types to be leashed: false
[19:40:36] [Server thread/INFO]: Water over lava flow speed: 5
[19:40:36] [Server thread/INFO]: Fix TNT cannons: false
[19:40:37] [Server thread/INFO]: -------- World Settings For [world_nether] --------
[19:40:37] [Server thread/INFO]: Chunks to Grow per Tick: 650
[19:40:37] [Server thread/INFO]: Clear tick list: false
[19:40:37] [Server thread/INFO]: Experience Merge Radius: 3.0
[19:40:37] [Server thread/INFO]: Anti X-Ray: true
[19:40:37] [Server thread/INFO]: 	Engine Mode: 1
[19:40:37] [Server thread/INFO]: 	Hidden Blocks: [14, 15, 16, 21, 48, 49, 54, 56, 73, 74, 82, 129, 130]
[19:40:37] [Server thread/INFO]: 	Replace Blocks: [1, 5]
[19:40:37] [Server thread/INFO]: Mob Spawn Range: 4
[19:40:37] [Server thread/INFO]: Cactus Growth Modifier: 100%
[19:40:37] [Server thread/INFO]: Cane Growth Modifier: 100%
[19:40:37] [Server thread/INFO]: Melon Growth Modifier: 100%
[19:40:37] [Server thread/INFO]: Mushroom Growth Modifier: 100%
[19:40:37] [Server thread/INFO]: Pumpkin Growth Modifier: 100%
[19:40:37] [Server thread/INFO]: Sapling Growth Modifier: 100%
[19:40:37] [Server thread/INFO]: Wheat Growth Modifier: 100%
[19:40:37] [Server thread/INFO]: NetherWart Growth Modifier: 100%
[19:40:37] [Server thread/INFO]: Entity Activation Range: An 32 / Mo 32 / Mi 16
[19:40:37] [Server thread/INFO]: Entity Tracking Range: Pl 48 / An 48 / Mo 48 / Mi 32 / Other 64
[19:40:37] [Server thread/INFO]: Hopper Transfer: 8 Hopper Check: 8 Hopper Amount: 1
[19:40:37] [Server thread/INFO]: Random Lighting Updates: false
[19:40:37] [Server thread/INFO]: Structure Info Saving: true
[19:40:37] [Server thread/INFO]: Sending up to 10 chunks per packet
[19:40:37] [Server thread/INFO]: Max Entity Collisions: 8
[19:40:37] [Server thread/INFO]: Custom Map Seeds:  Village: 10387312 Feature: 14357617
[19:40:37] [Server thread/INFO]: Max TNT Explosions: 100
[19:40:37] [Server thread/INFO]: Tile Max Tick Time: 50ms Entity max Tick Time: 50ms
[19:40:37] [Server thread/INFO]: Nerfing mobs spawned from spawners: false
[19:40:37] [Server thread/INFO]: Item Merge Radius: 2.5
[19:40:37] [Server thread/INFO]: Item Despawn Rate: 6000
[19:40:37] [Server thread/INFO]: Arrow Despawn Rate: 1200
[19:40:37] [Server thread/INFO]: Allow Zombie Pigmen to spawn from portal blocks: true
[19:40:37] [Server thread/INFO]: Zombie Aggressive Towards Villager: true
[19:40:37] [Server thread/INFO]: View Distance: 10
[19:40:37] [Server thread/INFO]: -------- World Settings For [world_nether] --------
[19:40:37] [Server thread/INFO]: Keep spawn chunk loaded: true
[19:40:37] [Server thread/INFO]: WorldServer TickNextTick cap set at 10000
[19:40:37] [Server thread/INFO]: WorldServer TickNextTickList cap always processes redstone: false
[19:40:37] [Server thread/INFO]: World async lighting: false
[19:40:37] [Server thread/INFO]: Max height for cactus growth 3. Max height for reed growth 3
[19:40:37] [Server thread/INFO]: Player blocking damage multiplier set to 0.5
[19:40:37] [Server thread/INFO]: Living Entity Despawn Ranges:  Soft: 32 Hard: 128
[19:40:37] [Server thread/INFO]: Remove invalid mob spawner tile entities: true
[19:40:37] [Server thread/INFO]: Squids will spawn between Y: 45.0 and Y: 63.0
[19:40:37] [Server thread/INFO]: Allow undead horse types to be leashed: false
[19:40:37] [Server thread/INFO]: Water over lava flow speed: 5
[19:40:37] [Server thread/INFO]: Fix TNT cannons: false
[19:40:38] [Server thread/INFO]: -------- World Settings For [world_the_end] --------
[19:40:38] [Server thread/INFO]: Chunks to Grow per Tick: 650
[19:40:38] [Server thread/INFO]: Clear tick list: false
[19:40:38] [Server thread/INFO]: Experience Merge Radius: 3.0
[19:40:38] [Server thread/INFO]: Anti X-Ray: true
[19:40:38] [Server thread/INFO]: 	Engine Mode: 1
[19:40:38] [Server thread/INFO]: 	Hidden Blocks: [14, 15, 16, 21, 48, 49, 54, 56, 73, 74, 82, 129, 130]
[19:40:38] [Server thread/INFO]: 	Replace Blocks: [1, 5]
[19:40:38] [Server thread/INFO]: Mob Spawn Range: 4
[19:40:38] [Server thread/INFO]: Cactus Growth Modifier: 100%
[19:40:38] [Server thread/INFO]: Cane Growth Modifier: 100%
[19:40:38] [Server thread/INFO]: Melon Growth Modifier: 100%
[19:40:38] [Server thread/INFO]: Mushroom Growth Modifier: 100%
[19:40:38] [Server thread/INFO]: Pumpkin Growth Modifier: 100%
[19:40:38] [Server thread/INFO]: Sapling Growth Modifier: 100%
[19:40:38] [Server thread/INFO]: Wheat Growth Modifier: 100%
[19:40:38] [Server thread/INFO]: NetherWart Growth Modifier: 100%
[19:40:38] [Server thread/INFO]: Entity Activation Range: An 32 / Mo 32 / Mi 16
[19:40:38] [Server thread/INFO]: Entity Tracking Range: Pl 48 / An 48 / Mo 48 / Mi 32 / Other 64
[19:40:38] [Server thread/INFO]: Hopper Transfer: 8 Hopper Check: 8 Hopper Amount: 1
[19:40:38] [Server thread/INFO]: Random Lighting Updates: false
[19:40:38] [Server thread/INFO]: Structure Info Saving: true
[19:40:38] [Server thread/INFO]: Sending up to 10 chunks per packet
[19:40:38] [Server thread/INFO]: Max Entity Collisions: 8
[19:40:38] [Server thread/INFO]: Custom Map Seeds:  Village: 10387312 Feature: 14357617
[19:40:38] [Server thread/INFO]: Max TNT Explosions: 100
[19:40:38] [Server thread/INFO]: Tile Max Tick Time: 50ms Entity max Tick Time: 50ms
[19:40:38] [Server thread/INFO]: Nerfing mobs spawned from spawners: false
[19:40:38] [Server thread/INFO]: Item Merge Radius: 2.5
[19:40:38] [Server thread/INFO]: Item Despawn Rate: 6000
[19:40:38] [Server thread/INFO]: Arrow Despawn Rate: 1200
[19:40:38] [Server thread/INFO]: Allow Zombie Pigmen to spawn from portal blocks: true
[19:40:38] [Server thread/INFO]: Zombie Aggressive Towards Villager: true
[19:40:38] [Server thread/INFO]: View Distance: 10
[19:40:38] [Server thread/INFO]: -------- World Settings For [world_the_end] --------
[19:40:38] [Server thread/INFO]: Keep spawn chunk loaded: true
[19:40:38] [Server thread/INFO]: WorldServer TickNextTick cap set at 10000
[19:40:38] [Server thread/INFO]: WorldServer TickNextTickList cap always processes redstone: false
[19:40:38] [Server thread/INFO]: World async lighting: false
[19:40:38] [Server thread/INFO]: Max height for cactus growth 3. Max height for reed growth 3
[19:40:38] [Server thread/INFO]: Player blocking damage multiplier set to 0.5
[19:40:38] [Server thread/INFO]: Living Entity Despawn Ranges:  Soft: 32 Hard: 128
[19:40:38] [Server thread/INFO]: Remove invalid mob spawner tile entities: true
[19:40:38] [Server thread/INFO]: Squids will spawn between Y: 45.0 and Y: 63.0
[19:40:38] [Server thread/INFO]: Allow undead horse types to be leashed: false
[19:40:38] [Server thread/INFO]: Water over lava flow speed: 5
[19:40:38] [Server thread/INFO]: Fix TNT cannons: false
[19:40:38] [Server thread/INFO]: Preparing start region for level 0 (Seed: 1088929065779353491)
[19:40:39] [Server thread/INFO]: Preparing spawn area: 0%
[19:40:40] [Server thread/INFO]: Preparing spawn area: 5%
[19:40:41] [Server thread/INFO]: Preparing spawn area: 15%
[19:40:42] [Server thread/INFO]: Preparing spawn area: 38%
[19:40:43] [Server thread/INFO]: Preparing spawn area: 67%
[19:40:44] [Server thread/INFO]: Preparing start region for level 1 (Seed: 1088929065779353491)
[19:40:45] [Server thread/INFO]: Preparing spawn area: 11%
[19:40:46] [Server thread/INFO]: Preparing spawn area: 28%
[19:40:47] [Server thread/INFO]: Preparing spawn area: 48%
[19:40:48] [Server thread/INFO]: Preparing spawn area: 71%
[19:40:49] [Server thread/INFO]: Preparing start region for level 2 (Seed: 1088929065779353491)
[19:40:50] [Server thread/INFO]: [Essentials] Enabling Essentials v2.20.1
[19:40:53] [Server thread/INFO]: Attempting to convert old kits in config.yml to new kits.yml
[19:40:53] [Server thread/INFO]: No kits found to migrate.
[19:40:53] [Server thread/INFO]: Starting Essentials ban format conversion
[19:40:53] [Server thread/INFO]: Attempting to migrate ignore list to UUIDs
[19:40:53] [Server thread/INFO]: Attempting to migrate legacy userdata keys to Configurate
[19:40:54] [Server thread/WARN]: java.lang.NullPointerException
[19:40:54] [Server thread/WARN]: 	at net.ess3.nms.refl.providers.ReflFormattedCommandAliasProvider.<init>(ReflFormattedCommandAliasProvider.java:39)
[19:40:54] [Server thread/WARN]: 	at com.earth2me.essentials.Essentials.onEnable(Essentials.java:420)
[19:40:54] [Server thread/WARN]: 	at org.bukkit.plugin.java.JavaPlugin.setEnabled(JavaPlugin.java:321)
[19:40:54] [Server thread/WARN]: 	at org.bukkit.plugin.java.JavaPluginLoader.enablePlugin(JavaPluginLoader.java:332)
[19:40:54] [Server thread/WARN]: 	at org.bukkit.plugin.SimplePluginManager.enablePlugin(SimplePluginManager.java:454)
[19:40:54] [Server thread/WARN]: 	at org.bukkit.craftbukkit.v1_8_R3.CraftServer.loadPlugin(CraftServer.java:393)
[19:40:54] [Server thread/WARN]: 	at org.bukkit.craftbukkit.v1_8_R3.CraftServer.enablePlugins(CraftServer.java:352)
[19:40:54] [Server thread/WARN]: 	at net.minecraft.server.v1_8_R3.MinecraftServer.s(MinecraftServer.java:439)
[19:40:54] [Server thread/WARN]: 	at net.minecraft.server.v1_8_R3.MinecraftServer.k(MinecraftServer.java:403)
[19:40:54] [Server thread/WARN]: 	at net.minecraft.server.v1_8_R3.MinecraftServer.a(MinecraftServer.java:358)
[19:40:54] [Server thread/WARN]: 	at net.minecraft.server.v1_8_R3.DedicatedServer.init(DedicatedServer.java:301)
[19:40:54] [Server thread/WARN]: 	at net.minecraft.server.v1_8_R3.MinecraftServer.run(MinecraftServer.java:603)
[19:40:54] [Server thread/WARN]: 	at net.minecraft.server.v1_8_R3.MinecraftServer.lambda$spin$0(MinecraftServer.java:133)
[19:40:54] [Server thread/WARN]: 	at java.lang.Thread.run(Thread.java:750)
[19:40:54] [Server thread/INFO]: Loaded 853 items from items.csv.
[19:40:54] [Server thread/INFO]: Using locale en_US
[19:40:55] [Server thread/INFO]: ServerListPingEvent: Spigot iterator API
[19:40:55] [Server thread/INFO]: Starting Metrics. Opt-out using the global bStats config.
[19:40:55] [Server thread/INFO]: [Vault] [Economy] Essentials Economy hooked.
[19:40:55] [Server thread/INFO]: Using Vault based permissions (LuckPerms)
[19:40:55] [Server thread/INFO]: [EssentialsProtect] Enabling EssentialsProtect v2.20.1
[19:40:55] [Server thread/INFO]: Continuing to enable Protect.
[19:40:55] [Server thread/INFO]: Starting Metrics. Opt-out using the global bStats config.
[19:40:55] [Server thread/INFO]: [KitPvP] Enabling KitPvP v2.2.1
[19:40:55] [Server thread/INFO]: [KIT-PVP] Enabling KitPvP version 2.2.1...
[19:40:55] [Server thread/INFO]: [KIT-PVP] Loading configuration files...
[19:40:55] [Server thread/INFO]: [KIT-PVP] Loading kit files...
[19:40:56] [Server thread/INFO]: [KIT-PVP] Establishing database connection...
[19:40:57] [Server thread/INFO]: [KIT-PVP] Done!
[19:40:57] [Server thread/INFO]: [EssentialsSpawn] Enabling EssentialsSpawn v2.20.1
[19:40:57] [Server thread/INFO]: Starting Metrics. Opt-out using the global bStats config.
[19:40:57] [Server thread/INFO]: Server permissions file permissions.yml is empty, ignoring it
[19:40:58] [Server thread/INFO]: Done (22.704s)! For help, type "help" or "?"
[19:40:58] [Server thread/INFO]: Timings Reset
[19:40:58] [Server thread/INFO]: Essentials found a compatible payment resolution method: Vault Compatibility Layer (v1.7.3-b131)!
[19:40:58] [Craft Scheduler Thread - 0/INFO]: Fetching version information...
[19:40:58] [Craft Scheduler Thread - 3/INFO]: [Vault] Checking for Updates ... 
[19:40:59] [Craft Scheduler Thread - 3/INFO]: [Vault] No new version available
[19:41:12] [Server thread/WARN]: Can't keep up! Is the server overloaded? Running 40067ms or 801 ticks behind
